<?xml version="1.0" encoding="UTF-8"?>
<!-- Generated by org.testng.reporters.JUnitReportReporter -->
<testsuite hostname="ashoksinh" failures="0" tests="1" name="my_projects.SEO_Meta_Single_Site" time="108.110" errors="0" timestamp="2025-01-31T11:44:28 IST" skipped="0">
  <testcase classname="my_projects.SEO_Meta_Single_Site" name="compareMetaTags" time="108.110"/>
  <system-out/>
</testsuite> <!-- my_projects.SEO_Meta_Single_Site -->
