<?xml version="1.0" encoding="UTF-8"?>
<!-- Generated by org.testng.reporters.JUnitReportReporter -->
<testsuite hostname="ashoksinh" failures="0" tests="1" name="New_Code.LionWordChecker" time="1523.674" errors="0" timestamp="2024-12-19T20:04:06 IST" skipped="0">
  <testcase classname="New_Code.LionWordChecker" name="ReplaceWordFinder" time="1523.674"/>
  <system-out/>
</testsuite> <!-- New_Code.LionWordChecker -->
