<?xml version="1.0" encoding="UTF-8"?>
<!-- Generated by org.testng.reporters.JUnitReportReporter -->
<testsuite hostname="ashoksinh" failures="0" tests="1" name="my_projects.Order_Now_verification" time="1949.574" errors="0" timestamp="2024-10-21T19:23:05 IST" skipped="0">
  <testcase classname="my_projects.Order_Now_verification" name="checkOrderNowLinkOnPages" time="1949.574"/>
  <system-out/>
</testsuite> <!-- my_projects.Order_Now_verification -->
