<?xml version="1.0" encoding="UTF-8"?>
<!-- Generated by org.testng.reporters.JUnitReportReporter -->
<testsuite hostname="ashoksinh" failures="0" tests="1" name="my_projects.Pages_404_Test" time="8.338" errors="0" timestamp="2024-10-17T12:26:34 IST" skipped="0">
  <testcase classname="my_projects.Pages_404_Test" name="testCrawl404Pages" time="8.338"/>
  <system-out/>
</testsuite> <!-- my_projects.Pages_404_Test -->
