<?xml version="1.0" encoding="UTF-8"?>
<!-- Generated by org.testng.reporters.JUnitReportReporter -->
<testsuite hostname="ashoksinh" failures="0" tests="1" name="my_projetcts.Pages_404_Test" time="69.240" errors="0" timestamp="2024-10-17T11:19:26 IST" skipped="0">
  <testcase classname="my_projetcts.Pages_404_Test" name="testCrawl404Pages" time="69.240"/>
  <system-out/>
</testsuite> <!-- my_projetcts.Pages_404_Test -->
