<?xml version="1.0" encoding="UTF-8"?>
<!-- Generated by org.testng.reporters.JUnitReportReporter -->
<testsuite hostname="ashoksinh" failures="0" tests="1" name="my_projetcts.One_QA" time="12.377" errors="0" timestamp="2024-07-25T13:51:51 IST" skipped="0">
  <testcase classname="my_projetcts.One_QA" name="FindH1Tags" time="12.377"/>
  <system-out/>
</testsuite> <!-- my_projetcts.One_QA -->
