<?xml version="1.0" encoding="UTF-8"?>
<!-- Generated by org.testng.reporters.JUnitReportReporter -->
<testsuite hostname="ashoksinh" failures="0" tests="162" name="New_Code.OrderNowButtonTest" time="615.257" errors="0" timestamp="2025-01-28T16:34:30 IST" skipped="0">
  <testcase classname="New_Code.OrderNowButtonTest" name="verifyOrderNowButtonLinks" time="7.927"/>
  <system-out/>
  <testcase classname="New_Code.OrderNowButtonTest" name="verifyOrderNowButtonLinks" time="8.092"/>
  <system-out/>
  <testcase classname="New_Code.OrderNowButtonTest" name="verifyOrderNowButtonLinks" time="3.684"/>
  <system-out/>
  <testcase classname="New_Code.OrderNowButtonTest" name="verifyOrderNowButtonLinks" time="2.582"/>
  <system-out/>
  <testcase classname="New_Code.OrderNowButtonTest" name="verifyOrderNowButtonLinks" time="3.260"/>
  <system-out/>
  <testcase classname="New_Code.OrderNowButtonTest" name="verifyOrderNowButtonLinks" time="3.619"/>
  <system-out/>
  <testcase classname="New_Code.OrderNowButtonTest" name="verifyOrderNowButtonLinks" time="3.329"/>
  <system-out/>
  <testcase classname="New_Code.OrderNowButtonTest" name="verifyOrderNowButtonLinks" time="6.743"/>
  <system-out/>
  <testcase classname="New_Code.OrderNowButtonTest" name="verifyOrderNowButtonLinks" time="3.172"/>
  <system-out/>
  <testcase classname="New_Code.OrderNowButtonTest" name="verifyOrderNowButtonLinks" time="3.521"/>
  <system-out/>
  <testcase classname="New_Code.OrderNowButtonTest" name="verifyOrderNowButtonLinks" time="3.313"/>
  <system-out/>
  <testcase classname="New_Code.OrderNowButtonTest" name="verifyOrderNowButtonLinks" time="3.643"/>
  <system-out/>
  <testcase classname="New_Code.OrderNowButtonTest" name="verifyOrderNowButtonLinks" time="3.391"/>
  <system-out/>
  <testcase classname="New_Code.OrderNowButtonTest" name="verifyOrderNowButtonLinks" time="2.980"/>
  <system-out/>
  <testcase classname="New_Code.OrderNowButtonTest" name="verifyOrderNowButtonLinks" time="2.557"/>
  <system-out/>
  <testcase classname="New_Code.OrderNowButtonTest" name="verifyOrderNowButtonLinks" time="3.834"/>
  <system-out/>
  <testcase classname="New_Code.OrderNowButtonTest" name="verifyOrderNowButtonLinks" time="3.705"/>
  <system-out/>
  <testcase classname="New_Code.OrderNowButtonTest" name="verifyOrderNowButtonLinks" time="3.875"/>
  <system-out/>
  <testcase classname="New_Code.OrderNowButtonTest" name="verifyOrderNowButtonLinks" time="3.238"/>
  <system-out/>
  <testcase classname="New_Code.OrderNowButtonTest" name="verifyOrderNowButtonLinks" time="2.570"/>
  <system-out/>
  <testcase classname="New_Code.OrderNowButtonTest" name="verifyOrderNowButtonLinks" time="3.977"/>
  <system-out/>
  <testcase classname="New_Code.OrderNowButtonTest" name="verifyOrderNowButtonLinks" time="7.270"/>
  <system-out/>
  <testcase classname="New_Code.OrderNowButtonTest" name="verifyOrderNowButtonLinks" time="3.324"/>
  <system-out/>
  <testcase classname="New_Code.OrderNowButtonTest" name="verifyOrderNowButtonLinks" time="3.778"/>
  <system-out/>
  <testcase classname="New_Code.OrderNowButtonTest" name="verifyOrderNowButtonLinks" time="4.212"/>
  <system-out/>
  <testcase classname="New_Code.OrderNowButtonTest" name="verifyOrderNowButtonLinks" time="3.565"/>
  <system-out/>
  <testcase classname="New_Code.OrderNowButtonTest" name="verifyOrderNowButtonLinks" time="3.214"/>
  <system-out/>
  <testcase classname="New_Code.OrderNowButtonTest" name="verifyOrderNowButtonLinks" time="3.561"/>
  <system-out/>
  <testcase classname="New_Code.OrderNowButtonTest" name="verifyOrderNowButtonLinks" time="3.479"/>
  <system-out/>
  <testcase classname="New_Code.OrderNowButtonTest" name="verifyOrderNowButtonLinks" time="2.649"/>
  <system-out/>
  <testcase classname="New_Code.OrderNowButtonTest" name="verifyOrderNowButtonLinks" time="3.132"/>
  <system-out/>
  <testcase classname="New_Code.OrderNowButtonTest" name="verifyOrderNowButtonLinks" time="3.982"/>
  <system-out/>
  <testcase classname="New_Code.OrderNowButtonTest" name="verifyOrderNowButtonLinks" time="2.845"/>
  <system-out/>
  <testcase classname="New_Code.OrderNowButtonTest" name="verifyOrderNowButtonLinks" time="3.331"/>
  <system-out/>
  <testcase classname="New_Code.OrderNowButtonTest" name="verifyOrderNowButtonLinks" time="3.073"/>
  <system-out/>
  <testcase classname="New_Code.OrderNowButtonTest" name="verifyOrderNowButtonLinks" time="3.786"/>
  <system-out/>
  <testcase classname="New_Code.OrderNowButtonTest" name="verifyOrderNowButtonLinks" time="5.111"/>
  <system-out/>
  <testcase classname="New_Code.OrderNowButtonTest" name="verifyOrderNowButtonLinks" time="2.861"/>
  <system-out/>
  <testcase classname="New_Code.OrderNowButtonTest" name="verifyOrderNowButtonLinks" time="3.486"/>
  <system-out/>
  <testcase classname="New_Code.OrderNowButtonTest" name="verifyOrderNowButtonLinks" time="3.992"/>
  <system-out/>
  <testcase classname="New_Code.OrderNowButtonTest" name="verifyOrderNowButtonLinks" time="8.530"/>
  <system-out/>
  <testcase classname="New_Code.OrderNowButtonTest" name="verifyOrderNowButtonLinks" time="3.688"/>
  <system-out/>
  <testcase classname="New_Code.OrderNowButtonTest" name="verifyOrderNowButtonLinks" time="3.650"/>
  <system-out/>
  <testcase classname="New_Code.OrderNowButtonTest" name="verifyOrderNowButtonLinks" time="3.499"/>
  <system-out/>
  <testcase classname="New_Code.OrderNowButtonTest" name="verifyOrderNowButtonLinks" time="4.589"/>
  <system-out/>
  <testcase classname="New_Code.OrderNowButtonTest" name="verifyOrderNowButtonLinks" time="3.205"/>
  <system-out/>
  <testcase classname="New_Code.OrderNowButtonTest" name="verifyOrderNowButtonLinks" time="3.379"/>
  <system-out/>
  <testcase classname="New_Code.OrderNowButtonTest" name="verifyOrderNowButtonLinks" time="3.568"/>
  <system-out/>
  <testcase classname="New_Code.OrderNowButtonTest" name="verifyOrderNowButtonLinks" time="3.573"/>
  <system-out/>
  <testcase classname="New_Code.OrderNowButtonTest" name="verifyOrderNowButtonLinks" time="3.423"/>
  <system-out/>
  <testcase classname="New_Code.OrderNowButtonTest" name="verifyOrderNowButtonLinks" time="3.024"/>
  <system-out/>
  <testcase classname="New_Code.OrderNowButtonTest" name="verifyOrderNowButtonLinks" time="2.952"/>
  <system-out/>
  <testcase classname="New_Code.OrderNowButtonTest" name="verifyOrderNowButtonLinks" time="3.612"/>
  <system-out/>
  <testcase classname="New_Code.OrderNowButtonTest" name="verifyOrderNowButtonLinks" time="3.211"/>
  <system-out/>
  <testcase classname="New_Code.OrderNowButtonTest" name="verifyOrderNowButtonLinks" time="2.904"/>
  <system-out/>
  <testcase classname="New_Code.OrderNowButtonTest" name="verifyOrderNowButtonLinks" time="2.638"/>
  <system-out/>
  <testcase classname="New_Code.OrderNowButtonTest" name="verifyOrderNowButtonLinks" time="3.102"/>
  <system-out/>
  <testcase classname="New_Code.OrderNowButtonTest" name="verifyOrderNowButtonLinks" time="3.001"/>
  <system-out/>
  <testcase classname="New_Code.OrderNowButtonTest" name="verifyOrderNowButtonLinks" time="3.112"/>
  <system-out/>
  <testcase classname="New_Code.OrderNowButtonTest" name="verifyOrderNowButtonLinks" time="3.288"/>
  <system-out/>
  <testcase classname="New_Code.OrderNowButtonTest" name="verifyOrderNowButtonLinks" time="3.634"/>
  <system-out/>
  <testcase classname="New_Code.OrderNowButtonTest" name="verifyOrderNowButtonLinks" time="4.399"/>
  <system-out/>
  <testcase classname="New_Code.OrderNowButtonTest" name="verifyOrderNowButtonLinks" time="3.301"/>
  <system-out/>
  <testcase classname="New_Code.OrderNowButtonTest" name="verifyOrderNowButtonLinks" time="3.660"/>
  <system-out/>
  <testcase classname="New_Code.OrderNowButtonTest" name="verifyOrderNowButtonLinks" time="3.216"/>
  <system-out/>
  <testcase classname="New_Code.OrderNowButtonTest" name="verifyOrderNowButtonLinks" time="2.934"/>
  <system-out/>
  <testcase classname="New_Code.OrderNowButtonTest" name="verifyOrderNowButtonLinks" time="4.170"/>
  <system-out/>
  <testcase classname="New_Code.OrderNowButtonTest" name="verifyOrderNowButtonLinks" time="3.269"/>
  <system-out/>
  <testcase classname="New_Code.OrderNowButtonTest" name="verifyOrderNowButtonLinks" time="2.600"/>
  <system-out/>
  <testcase classname="New_Code.OrderNowButtonTest" name="verifyOrderNowButtonLinks" time="2.938"/>
  <system-out/>
  <testcase classname="New_Code.OrderNowButtonTest" name="verifyOrderNowButtonLinks" time="3.264"/>
  <system-out/>
  <testcase classname="New_Code.OrderNowButtonTest" name="verifyOrderNowButtonLinks" time="3.192"/>
  <system-out/>
  <testcase classname="New_Code.OrderNowButtonTest" name="verifyOrderNowButtonLinks" time="4.429"/>
  <system-out/>
  <testcase classname="New_Code.OrderNowButtonTest" name="verifyOrderNowButtonLinks" time="3.357"/>
  <system-out/>
  <testcase classname="New_Code.OrderNowButtonTest" name="verifyOrderNowButtonLinks" time="2.520"/>
  <system-out/>
  <testcase classname="New_Code.OrderNowButtonTest" name="verifyOrderNowButtonLinks" time="4.242"/>
  <system-out/>
  <testcase classname="New_Code.OrderNowButtonTest" name="verifyOrderNowButtonLinks" time="3.044"/>
  <system-out/>
  <testcase classname="New_Code.OrderNowButtonTest" name="verifyOrderNowButtonLinks" time="2.692"/>
  <system-out/>
  <testcase classname="New_Code.OrderNowButtonTest" name="verifyOrderNowButtonLinks" time="3.718"/>
  <system-out/>
  <testcase classname="New_Code.OrderNowButtonTest" name="verifyOrderNowButtonLinks" time="3.121"/>
  <system-out/>
  <testcase classname="New_Code.OrderNowButtonTest" name="verifyOrderNowButtonLinks" time="3.166"/>
  <system-out/>
  <testcase classname="New_Code.OrderNowButtonTest" name="verifyOrderNowButtonLinks" time="2.945"/>
  <system-out/>
  <testcase classname="New_Code.OrderNowButtonTest" name="verifyOrderNowButtonLinks" time="3.394"/>
  <system-out/>
  <testcase classname="New_Code.OrderNowButtonTest" name="verifyOrderNowButtonLinks" time="2.901"/>
  <system-out/>
  <testcase classname="New_Code.OrderNowButtonTest" name="verifyOrderNowButtonLinks" time="4.085"/>
  <system-out/>
  <testcase classname="New_Code.OrderNowButtonTest" name="verifyOrderNowButtonLinks" time="6.040"/>
  <system-out/>
  <testcase classname="New_Code.OrderNowButtonTest" name="verifyOrderNowButtonLinks" time="3.195"/>
  <system-out/>
  <testcase classname="New_Code.OrderNowButtonTest" name="verifyOrderNowButtonLinks" time="3.713"/>
  <system-out/>
  <testcase classname="New_Code.OrderNowButtonTest" name="verifyOrderNowButtonLinks" time="5.153"/>
  <system-out/>
  <testcase classname="New_Code.OrderNowButtonTest" name="verifyOrderNowButtonLinks" time="3.362"/>
  <system-out/>
  <testcase classname="New_Code.OrderNowButtonTest" name="verifyOrderNowButtonLinks" time="3.435"/>
  <system-out/>
  <testcase classname="New_Code.OrderNowButtonTest" name="verifyOrderNowButtonLinks" time="3.986"/>
  <system-out/>
  <testcase classname="New_Code.OrderNowButtonTest" name="verifyOrderNowButtonLinks" time="3.332"/>
  <system-out/>
  <testcase classname="New_Code.OrderNowButtonTest" name="verifyOrderNowButtonLinks" time="3.879"/>
  <system-out/>
  <testcase classname="New_Code.OrderNowButtonTest" name="verifyOrderNowButtonLinks" time="8.423"/>
  <system-out/>
  <testcase classname="New_Code.OrderNowButtonTest" name="verifyOrderNowButtonLinks" time="3.177"/>
  <system-out/>
  <testcase classname="New_Code.OrderNowButtonTest" name="verifyOrderNowButtonLinks" time="3.009"/>
  <system-out/>
  <testcase classname="New_Code.OrderNowButtonTest" name="verifyOrderNowButtonLinks" time="2.675"/>
  <system-out/>
  <testcase classname="New_Code.OrderNowButtonTest" name="verifyOrderNowButtonLinks" time="3.222"/>
  <system-out/>
  <testcase classname="New_Code.OrderNowButtonTest" name="verifyOrderNowButtonLinks" time="3.805"/>
  <system-out/>
  <testcase classname="New_Code.OrderNowButtonTest" name="verifyOrderNowButtonLinks" time="3.113"/>
  <system-out/>
  <testcase classname="New_Code.OrderNowButtonTest" name="verifyOrderNowButtonLinks" time="4.284"/>
  <system-out/>
  <testcase classname="New_Code.OrderNowButtonTest" name="verifyOrderNowButtonLinks" time="3.004"/>
  <system-out/>
  <testcase classname="New_Code.OrderNowButtonTest" name="verifyOrderNowButtonLinks" time="3.263"/>
  <system-out/>
  <testcase classname="New_Code.OrderNowButtonTest" name="verifyOrderNowButtonLinks" time="3.287"/>
  <system-out/>
  <testcase classname="New_Code.OrderNowButtonTest" name="verifyOrderNowButtonLinks" time="5.657"/>
  <system-out/>
  <testcase classname="New_Code.OrderNowButtonTest" name="verifyOrderNowButtonLinks" time="3.388"/>
  <system-out/>
  <testcase classname="New_Code.OrderNowButtonTest" name="verifyOrderNowButtonLinks" time="4.342"/>
  <system-out/>
  <testcase classname="New_Code.OrderNowButtonTest" name="verifyOrderNowButtonLinks" time="3.425"/>
  <system-out/>
  <testcase classname="New_Code.OrderNowButtonTest" name="verifyOrderNowButtonLinks" time="8.890"/>
  <system-out/>
  <testcase classname="New_Code.OrderNowButtonTest" name="verifyOrderNowButtonLinks" time="6.126"/>
  <system-out/>
  <testcase classname="New_Code.OrderNowButtonTest" name="verifyOrderNowButtonLinks" time="5.239"/>
  <system-out/>
  <testcase classname="New_Code.OrderNowButtonTest" name="verifyOrderNowButtonLinks" time="3.030"/>
  <system-out/>
  <testcase classname="New_Code.OrderNowButtonTest" name="verifyOrderNowButtonLinks" time="3.667"/>
  <system-out/>
  <testcase classname="New_Code.OrderNowButtonTest" name="verifyOrderNowButtonLinks" time="3.472"/>
  <system-out/>
  <testcase classname="New_Code.OrderNowButtonTest" name="verifyOrderNowButtonLinks" time="4.490"/>
  <system-out/>
  <testcase classname="New_Code.OrderNowButtonTest" name="verifyOrderNowButtonLinks" time="3.316"/>
  <system-out/>
  <testcase classname="New_Code.OrderNowButtonTest" name="verifyOrderNowButtonLinks" time="3.907"/>
  <system-out/>
  <testcase classname="New_Code.OrderNowButtonTest" name="verifyOrderNowButtonLinks" time="3.322"/>
  <system-out/>
  <testcase classname="New_Code.OrderNowButtonTest" name="verifyOrderNowButtonLinks" time="4.639"/>
  <system-out/>
  <testcase classname="New_Code.OrderNowButtonTest" name="verifyOrderNowButtonLinks" time="3.524"/>
  <system-out/>
  <testcase classname="New_Code.OrderNowButtonTest" name="verifyOrderNowButtonLinks" time="3.914"/>
  <system-out/>
  <testcase classname="New_Code.OrderNowButtonTest" name="verifyOrderNowButtonLinks" time="3.312"/>
  <system-out/>
  <testcase classname="New_Code.OrderNowButtonTest" name="verifyOrderNowButtonLinks" time="3.363"/>
  <system-out/>
  <testcase classname="New_Code.OrderNowButtonTest" name="verifyOrderNowButtonLinks" time="3.826"/>
  <system-out/>
  <testcase classname="New_Code.OrderNowButtonTest" name="verifyOrderNowButtonLinks" time="3.692"/>
  <system-out/>
  <testcase classname="New_Code.OrderNowButtonTest" name="verifyOrderNowButtonLinks" time="9.579"/>
  <system-out/>
  <testcase classname="New_Code.OrderNowButtonTest" name="verifyOrderNowButtonLinks" time="3.790"/>
  <system-out/>
  <testcase classname="New_Code.OrderNowButtonTest" name="verifyOrderNowButtonLinks" time="3.430"/>
  <system-out/>
  <testcase classname="New_Code.OrderNowButtonTest" name="verifyOrderNowButtonLinks" time="2.969"/>
  <system-out/>
  <testcase classname="New_Code.OrderNowButtonTest" name="verifyOrderNowButtonLinks" time="3.351"/>
  <system-out/>
  <testcase classname="New_Code.OrderNowButtonTest" name="verifyOrderNowButtonLinks" time="3.407"/>
  <system-out/>
  <testcase classname="New_Code.OrderNowButtonTest" name="verifyOrderNowButtonLinks" time="8.337"/>
  <system-out/>
  <testcase classname="New_Code.OrderNowButtonTest" name="verifyOrderNowButtonLinks" time="4.637"/>
  <system-out/>
  <testcase classname="New_Code.OrderNowButtonTest" name="verifyOrderNowButtonLinks" time="4.659"/>
  <system-out/>
  <testcase classname="New_Code.OrderNowButtonTest" name="verifyOrderNowButtonLinks" time="3.271"/>
  <system-out/>
  <testcase classname="New_Code.OrderNowButtonTest" name="verifyOrderNowButtonLinks" time="3.101"/>
  <system-out/>
  <testcase classname="New_Code.OrderNowButtonTest" name="verifyOrderNowButtonLinks" time="5.207"/>
  <system-out/>
  <testcase classname="New_Code.OrderNowButtonTest" name="verifyOrderNowButtonLinks" time="3.445"/>
  <system-out/>
  <testcase classname="New_Code.OrderNowButtonTest" name="verifyOrderNowButtonLinks" time="2.962"/>
  <system-out/>
  <testcase classname="New_Code.OrderNowButtonTest" name="verifyOrderNowButtonLinks" time="3.303"/>
  <system-out/>
  <testcase classname="New_Code.OrderNowButtonTest" name="verifyOrderNowButtonLinks" time="2.974"/>
  <system-out/>
  <testcase classname="New_Code.OrderNowButtonTest" name="verifyOrderNowButtonLinks" time="3.779"/>
  <system-out/>
  <testcase classname="New_Code.OrderNowButtonTest" name="verifyOrderNowButtonLinks" time="3.834"/>
  <system-out/>
  <testcase classname="New_Code.OrderNowButtonTest" name="verifyOrderNowButtonLinks" time="3.505"/>
  <system-out/>
  <testcase classname="New_Code.OrderNowButtonTest" name="verifyOrderNowButtonLinks" time="4.091"/>
  <system-out/>
  <testcase classname="New_Code.OrderNowButtonTest" name="verifyOrderNowButtonLinks" time="3.649"/>
  <system-out/>
  <testcase classname="New_Code.OrderNowButtonTest" name="verifyOrderNowButtonLinks" time="3.380"/>
  <system-out/>
  <testcase classname="New_Code.OrderNowButtonTest" name="verifyOrderNowButtonLinks" time="3.085"/>
  <system-out/>
  <testcase classname="New_Code.OrderNowButtonTest" name="verifyOrderNowButtonLinks" time="3.376"/>
  <system-out/>
  <testcase classname="New_Code.OrderNowButtonTest" name="verifyOrderNowButtonLinks" time="7.706"/>
  <system-out/>
  <testcase classname="New_Code.OrderNowButtonTest" name="verifyOrderNowButtonLinks" time="3.280"/>
  <system-out/>
  <testcase classname="New_Code.OrderNowButtonTest" name="verifyOrderNowButtonLinks" time="3.211"/>
  <system-out/>
  <testcase classname="New_Code.OrderNowButtonTest" name="verifyOrderNowButtonLinks" time="3.035"/>
  <system-out/>
  <testcase classname="New_Code.OrderNowButtonTest" name="verifyOrderNowButtonLinks" time="3.086"/>
  <system-out/>
  <testcase classname="New_Code.OrderNowButtonTest" name="verifyOrderNowButtonLinks" time="2.972"/>
  <system-out/>
  <testcase classname="New_Code.OrderNowButtonTest" name="verifyOrderNowButtonLinks" time="3.473"/>
  <system-out/>
  <testcase classname="New_Code.OrderNowButtonTest" name="verifyOrderNowButtonLinks" time="2.703"/>
  <system-out/>
  <testcase classname="New_Code.OrderNowButtonTest" name="verifyOrderNowButtonLinks" time="2.879"/>
  <system-out/>
  <testcase classname="New_Code.OrderNowButtonTest" name="verifyOrderNowButtonLinks" time="3.691"/>
  <system-out/>
  <testcase classname="New_Code.OrderNowButtonTest" name="verifyOrderNowButtonLinks" time="3.001"/>
  <system-out/>
  <testcase classname="New_Code.OrderNowButtonTest" name="verifyOrderNowButtonLinks" time="3.399"/>
  <system-out/>
</testsuite> <!-- New_Code.OrderNowButtonTest -->
