<?xml version="1.0" encoding="UTF-8"?>
<!-- Generated by org.testng.reporters.JUnitReportReporter -->
<testsuite hostname="ashoksinh" failures="0" tests="1" name="New_Code.CountFeedbackBoxesTest" time="40.107" errors="0" timestamp="2025-01-27T15:40:49 IST" skipped="0">
  <testcase classname="New_Code.CountFeedbackBoxesTest" name="countFeedbackBoxes" time="40.107"/>
  <system-out/>
</testsuite> <!-- New_Code.CountFeedbackBoxesTest -->
