<?xml version="1.0" encoding="UTF-8"?>
<!-- Generated by org.testng.reporters.JUnitReportReporter -->
<testsuite hostname="ashoksinh" failures="0" tests="1" name="my_projetcts.SEO_Data_TESTNG" time="55.779" errors="0" timestamp="2024-10-16T13:39:52 IST" skipped="0">
  <testcase classname="my_projetcts.SEO_Data_TESTNG" name="testSEODataExtraction" time="55.779"/>
  <system-out/>
</testsuite> <!-- my_projetcts.SEO_Data_TESTNG -->
