<?xml version="1.0" encoding="UTF-8"?>
<!-- Generated by org.testng.reporters.JUnitReportReporter -->
<testsuite hostname="ashoksinh" failures="0" tests="1" name="Load_test.AdvancedLoadTest" time="23.236" errors="0" timestamp="2025-01-08T19:54:19 IST" skipped="0">
  <testcase classname="Load_test.AdvancedLoadTest" name="performLoadTest" time="23.236"/>
  <system-out/>
</testsuite> <!-- Load_test.AdvancedLoadTest -->
