<?xml version="1.0" encoding="UTF-8"?>
<!-- Generated by org.testng.reporters.JUnitReportReporter -->
<testsuite hostname="ashoksinh" failures="0" tests="1" name="New_Code.CheckH1Css" time="8923.965" errors="0" timestamp="2025-02-03T15:02:43 IST" skipped="0">
  <testcase classname="New_Code.CheckH1Css" name="verifyH1CssTextTransform" time="8923.965"/>
  <system-out/>
</testsuite> <!-- New_Code.CheckH1Css -->
