<?xml version="1.0" encoding="UTF-8"?>
<!-- Generated by org.testng.reporters.JUnitReportReporter -->
<testsuite hostname="ashoksinh" failures="0" tests="1" name="my_projects.Get_URLs_From_Page" time="9.824" errors="0" timestamp="2024-10-30T15:19:50 IST" skipped="0">
  <testcase classname="my_projects.Get_URLs_From_Page" name="getLocationURLs" time="9.824"/>
  <system-out/>
</testsuite> <!-- my_projects.Get_URLs_From_Page -->
