<?xml version="1.0" encoding="UTF-8"?>
<!-- Generated by org.testng.reporters.JUnitReportReporter -->
<testsuite hostname="ashoksinh" failures="0" tests="1" name="my_projects.TeamDataScraper" time="19.049" errors="0" timestamp="2024-12-23T11:34:11 IST" skipped="0">
  <testcase classname="my_projects.TeamDataScraper" name="fetchAndVerifyTeamData" time="19.049"/>
  <system-out/>
</testsuite> <!-- my_projects.TeamDataScraper -->
